The system is: Linux - 3.10.0-1127.13.1.el7.x86_64 - x86_64
Compiling the C compiler identification source file "CMakeCCompilerId.c" succeeded.
Compiler: /usr/bin/cc 
Build flags: 
Id flags: 

The output was:
0


Compilation of the C compiler identification source "CMakeCCompilerId.c" produced "a.out"

The C compiler identification is GNU, found in "/home/oc-server/3rd/zlib/build/CMakeFiles/2.8.12.2/CompilerIdC/a.out"

Determining if the C compiler works passed with the following output:
Change Dir: /home/oc-server/3rd/zlib/build/CMakeFiles/CMakeTmp

Run Build Command:/usr/bin/gmake "cmTryCompileExec3887413605/fast"
gmake[1]: 进入目录“/home/oc-server/3rd/zlib/build/CMakeFiles/CMakeTmp”
/usr/bin/gmake -f CMakeFiles/cmTryCompileExec3887413605.dir/build.make CMakeFiles/cmTryCompileExec3887413605.dir/build
gmake[2]: 进入目录“/home/oc-server/3rd/zlib/build/CMakeFiles/CMakeTmp”
/usr/bin/cmake -E cmake_progress_report /home/oc-server/3rd/zlib/build/CMakeFiles/CMakeTmp/CMakeFiles 1
Building C object CMakeFiles/cmTryCompileExec3887413605.dir/testCCompiler.c.o
/usr/bin/cc    -o CMakeFiles/cmTryCompileExec3887413605.dir/testCCompiler.c.o   -c /home/oc-server/3rd/zlib/build/CMakeFiles/CMakeTmp/testCCompiler.c
Linking C executable cmTryCompileExec3887413605
/usr/bin/cmake -E cmake_link_script CMakeFiles/cmTryCompileExec3887413605.dir/link.txt --verbose=1
/usr/bin/cc       CMakeFiles/cmTryCompileExec3887413605.dir/testCCompiler.c.o  -o cmTryCompileExec3887413605 -rdynamic 
gmake[2]: 离开目录“/home/oc-server/3rd/zlib/build/CMakeFiles/CMakeTmp”
gmake[1]: 离开目录“/home/oc-server/3rd/zlib/build/CMakeFiles/CMakeTmp”


Detecting C compiler ABI info compiled with the following output:
Change Dir: /home/oc-server/3rd/zlib/build/CMakeFiles/CMakeTmp

Run Build Command:/usr/bin/gmake "cmTryCompileExec3989209834/fast"
gmake[1]: 进入目录“/home/oc-server/3rd/zlib/build/CMakeFiles/CMakeTmp”
/usr/bin/gmake -f CMakeFiles/cmTryCompileExec3989209834.dir/build.make CMakeFiles/cmTryCompileExec3989209834.dir/build
gmake[2]: 进入目录“/home/oc-server/3rd/zlib/build/CMakeFiles/CMakeTmp”
/usr/bin/cmake -E cmake_progress_report /home/oc-server/3rd/zlib/build/CMakeFiles/CMakeTmp/CMakeFiles 1
Building C object CMakeFiles/cmTryCompileExec3989209834.dir/CMakeCCompilerABI.c.o
/usr/bin/cc    -o CMakeFiles/cmTryCompileExec3989209834.dir/CMakeCCompilerABI.c.o   -c /usr/share/cmake/Modules/CMakeCCompilerABI.c
Linking C executable cmTryCompileExec3989209834
/usr/bin/cmake -E cmake_link_script CMakeFiles/cmTryCompileExec3989209834.dir/link.txt --verbose=1
/usr/bin/cc     -v CMakeFiles/cmTryCompileExec3989209834.dir/CMakeCCompilerABI.c.o  -o cmTryCompileExec3989209834 -rdynamic  
使用内建 specs。
COLLECT_GCC=/usr/bin/cc
COLLECT_LTO_WRAPPER=/usr/local/libexec/gcc/x86_64-unknown-linux-gnu/4.9.2/lto-wrapper
目标：x86_64-unknown-linux-gnu
配置为：./configure --disable-multilib --enable-languages=c,c++
线程模型：posix
gcc 版本 4.9.2 (GCC) 
COMPILER_PATH=/usr/local/libexec/gcc/x86_64-unknown-linux-gnu/4.9.2/:/usr/local/libexec/gcc/x86_64-unknown-linux-gnu/4.9.2/:/usr/local/libexec/gcc/x86_64-unknown-linux-gnu/:/usr/local/lib/gcc/x86_64-unknown-linux-gnu/4.9.2/:/usr/local/lib/gcc/x86_64-unknown-linux-gnu/
LIBRARY_PATH=/usr/local/lib/gcc/x86_64-unknown-linux-gnu/4.9.2/:/usr/local/lib/gcc/x86_64-unknown-linux-gnu/4.9.2/../../../../lib64/:/lib/../lib64/:/usr/lib/../lib64/:/usr/local/lib/gcc/x86_64-unknown-linux-gnu/4.9.2/../../../:/lib/:/usr/lib/
COLLECT_GCC_OPTIONS='-v' '-o' 'cmTryCompileExec3989209834' '-rdynamic' '-mtune=generic' '-march=x86-64'
 /usr/local/libexec/gcc/x86_64-unknown-linux-gnu/4.9.2/collect2 --eh-frame-hdr -m elf_x86_64 -export-dynamic -dynamic-linker /lib64/ld-linux-x86-64.so.2 -o cmTryCompileExec3989209834 /lib/../lib64/crt1.o /lib/../lib64/crti.o /usr/local/lib/gcc/x86_64-unknown-linux-gnu/4.9.2/crtbegin.o -L/usr/local/lib/gcc/x86_64-unknown-linux-gnu/4.9.2 -L/usr/local/lib/gcc/x86_64-unknown-linux-gnu/4.9.2/../../../../lib64 -L/lib/../lib64 -L/usr/lib/../lib64 -L/usr/local/lib/gcc/x86_64-unknown-linux-gnu/4.9.2/../../.. CMakeFiles/cmTryCompileExec3989209834.dir/CMakeCCompilerABI.c.o -lgcc --as-needed -lgcc_s --no-as-needed -lc -lgcc --as-needed -lgcc_s --no-as-needed /usr/local/lib/gcc/x86_64-unknown-linux-gnu/4.9.2/crtend.o /lib/../lib64/crtn.o
gmake[2]: 离开目录“/home/oc-server/3rd/zlib/build/CMakeFiles/CMakeTmp”
gmake[1]: 离开目录“/home/oc-server/3rd/zlib/build/CMakeFiles/CMakeTmp”


Parsed C implicit link information from above output:
  link line regex: [^( *|.*[/\])(ld|([^/\]+-)?ld|collect2)[^/\]*( |$)]
  ignore line: [Change Dir: /home/oc-server/3rd/zlib/build/CMakeFiles/CMakeTmp]
  ignore line: []
  ignore line: [Run Build Command:/usr/bin/gmake "cmTryCompileExec3989209834/fast"]
  ignore line: [gmake[1]: 进入目录“/home/oc-server/3rd/zlib/build/CMakeFiles/CMakeTmp”]
  ignore line: [/usr/bin/gmake -f CMakeFiles/cmTryCompileExec3989209834.dir/build.make CMakeFiles/cmTryCompileExec3989209834.dir/build]
  ignore line: [gmake[2]: 进入目录“/home/oc-server/3rd/zlib/build/CMakeFiles/CMakeTmp”]
  ignore line: [/usr/bin/cmake -E cmake_progress_report /home/oc-server/3rd/zlib/build/CMakeFiles/CMakeTmp/CMakeFiles 1]
  ignore line: [Building C object CMakeFiles/cmTryCompileExec3989209834.dir/CMakeCCompilerABI.c.o]
  ignore line: [/usr/bin/cc    -o CMakeFiles/cmTryCompileExec3989209834.dir/CMakeCCompilerABI.c.o   -c /usr/share/cmake/Modules/CMakeCCompilerABI.c]
  ignore line: [Linking C executable cmTryCompileExec3989209834]
  ignore line: [/usr/bin/cmake -E cmake_link_script CMakeFiles/cmTryCompileExec3989209834.dir/link.txt --verbose=1]
  ignore line: [/usr/bin/cc     -v CMakeFiles/cmTryCompileExec3989209834.dir/CMakeCCompilerABI.c.o  -o cmTryCompileExec3989209834 -rdynamic  ]
  ignore line: [使用内建 specs。]
  ignore line: [COLLECT_GCC=/usr/bin/cc]
  ignore line: [COLLECT_LTO_WRAPPER=/usr/local/libexec/gcc/x86_64-unknown-linux-gnu/4.9.2/lto-wrapper]
  ignore line: [目标：x86_64-unknown-linux-gnu]
  ignore line: [配置为：./configure --disable-multilib --enable-languages=c,c++]
  ignore line: [线程模型：posix]
  ignore line: [gcc 版本 4.9.2 (GCC) ]
  ignore line: [COMPILER_PATH=/usr/local/libexec/gcc/x86_64-unknown-linux-gnu/4.9.2/:/usr/local/libexec/gcc/x86_64-unknown-linux-gnu/4.9.2/:/usr/local/libexec/gcc/x86_64-unknown-linux-gnu/:/usr/local/lib/gcc/x86_64-unknown-linux-gnu/4.9.2/:/usr/local/lib/gcc/x86_64-unknown-linux-gnu/]
  ignore line: [LIBRARY_PATH=/usr/local/lib/gcc/x86_64-unknown-linux-gnu/4.9.2/:/usr/local/lib/gcc/x86_64-unknown-linux-gnu/4.9.2/../../../../lib64/:/lib/../lib64/:/usr/lib/../lib64/:/usr/local/lib/gcc/x86_64-unknown-linux-gnu/4.9.2/../../../:/lib/:/usr/lib/]
  ignore line: [COLLECT_GCC_OPTIONS='-v' '-o' 'cmTryCompileExec3989209834' '-rdynamic' '-mtune=generic' '-march=x86-64']
  link line: [ /usr/local/libexec/gcc/x86_64-unknown-linux-gnu/4.9.2/collect2 --eh-frame-hdr -m elf_x86_64 -export-dynamic -dynamic-linker /lib64/ld-linux-x86-64.so.2 -o cmTryCompileExec3989209834 /lib/../lib64/crt1.o /lib/../lib64/crti.o /usr/local/lib/gcc/x86_64-unknown-linux-gnu/4.9.2/crtbegin.o -L/usr/local/lib/gcc/x86_64-unknown-linux-gnu/4.9.2 -L/usr/local/lib/gcc/x86_64-unknown-linux-gnu/4.9.2/../../../../lib64 -L/lib/../lib64 -L/usr/lib/../lib64 -L/usr/local/lib/gcc/x86_64-unknown-linux-gnu/4.9.2/../../.. CMakeFiles/cmTryCompileExec3989209834.dir/CMakeCCompilerABI.c.o -lgcc --as-needed -lgcc_s --no-as-needed -lc -lgcc --as-needed -lgcc_s --no-as-needed /usr/local/lib/gcc/x86_64-unknown-linux-gnu/4.9.2/crtend.o /lib/../lib64/crtn.o]
    arg [/usr/local/libexec/gcc/x86_64-unknown-linux-gnu/4.9.2/collect2] ==> ignore
    arg [--eh-frame-hdr] ==> ignore
    arg [-m] ==> ignore
    arg [elf_x86_64] ==> ignore
    arg [-export-dynamic] ==> ignore
    arg [-dynamic-linker] ==> ignore
    arg [/lib64/ld-linux-x86-64.so.2] ==> ignore
    arg [-o] ==> ignore
    arg [cmTryCompileExec3989209834] ==> ignore
    arg [/lib/../lib64/crt1.o] ==> ignore
    arg [/lib/../lib64/crti.o] ==> ignore
    arg [/usr/local/lib/gcc/x86_64-unknown-linux-gnu/4.9.2/crtbegin.o] ==> ignore
    arg [-L/usr/local/lib/gcc/x86_64-unknown-linux-gnu/4.9.2] ==> dir [/usr/local/lib/gcc/x86_64-unknown-linux-gnu/4.9.2]
    arg [-L/usr/local/lib/gcc/x86_64-unknown-linux-gnu/4.9.2/../../../../lib64] ==> dir [/usr/local/lib/gcc/x86_64-unknown-linux-gnu/4.9.2/../../../../lib64]
    arg [-L/lib/../lib64] ==> dir [/lib/../lib64]
    arg [-L/usr/lib/../lib64] ==> dir [/usr/lib/../lib64]
    arg [-L/usr/local/lib/gcc/x86_64-unknown-linux-gnu/4.9.2/../../..] ==> dir [/usr/local/lib/gcc/x86_64-unknown-linux-gnu/4.9.2/../../..]
    arg [CMakeFiles/cmTryCompileExec3989209834.dir/CMakeCCompilerABI.c.o] ==> ignore
    arg [-lgcc] ==> lib [gcc]
    arg [--as-needed] ==> ignore
    arg [-lgcc_s] ==> lib [gcc_s]
    arg [--no-as-needed] ==> ignore
    arg [-lc] ==> lib [c]
    arg [-lgcc] ==> lib [gcc]
    arg [--as-needed] ==> ignore
    arg [-lgcc_s] ==> lib [gcc_s]
    arg [--no-as-needed] ==> ignore
    arg [/usr/local/lib/gcc/x86_64-unknown-linux-gnu/4.9.2/crtend.o] ==> ignore
    arg [/lib/../lib64/crtn.o] ==> ignore
  remove lib [gcc]
  remove lib [gcc_s]
  remove lib [gcc]
  remove lib [gcc_s]
  collapse library dir [/usr/local/lib/gcc/x86_64-unknown-linux-gnu/4.9.2] ==> [/usr/local/lib/gcc/x86_64-unknown-linux-gnu/4.9.2]
  collapse library dir [/usr/local/lib/gcc/x86_64-unknown-linux-gnu/4.9.2/../../../../lib64] ==> [/usr/local/lib64]
  collapse library dir [/lib/../lib64] ==> [/lib64]
  collapse library dir [/usr/lib/../lib64] ==> [/usr/lib64]
  collapse library dir [/usr/local/lib/gcc/x86_64-unknown-linux-gnu/4.9.2/../../..] ==> [/usr/local/lib]
  implicit libs: [c]
  implicit dirs: [/usr/local/lib/gcc/x86_64-unknown-linux-gnu/4.9.2;/usr/local/lib64;/lib64;/usr/lib64;/usr/local/lib]
  implicit fwks: []


Determining if the include file sys/types.h exists passed with the following output:
Change Dir: /home/oc-server/3rd/zlib/build/CMakeFiles/CMakeTmp

Run Build Command:/usr/bin/gmake "cmTryCompileExec297788045/fast"
gmake[1]: 进入目录“/home/oc-server/3rd/zlib/build/CMakeFiles/CMakeTmp”
/usr/bin/gmake -f CMakeFiles/cmTryCompileExec297788045.dir/build.make CMakeFiles/cmTryCompileExec297788045.dir/build
gmake[2]: 进入目录“/home/oc-server/3rd/zlib/build/CMakeFiles/CMakeTmp”
/usr/bin/cmake -E cmake_progress_report /home/oc-server/3rd/zlib/build/CMakeFiles/CMakeTmp/CMakeFiles 1
Building C object CMakeFiles/cmTryCompileExec297788045.dir/CheckIncludeFile.c.o
/usr/bin/cc    -o CMakeFiles/cmTryCompileExec297788045.dir/CheckIncludeFile.c.o   -c /home/oc-server/3rd/zlib/build/CMakeFiles/CMakeTmp/CheckIncludeFile.c
Linking C executable cmTryCompileExec297788045
/usr/bin/cmake -E cmake_link_script CMakeFiles/cmTryCompileExec297788045.dir/link.txt --verbose=1
/usr/bin/cc       CMakeFiles/cmTryCompileExec297788045.dir/CheckIncludeFile.c.o  -o cmTryCompileExec297788045 -rdynamic 
gmake[2]: 离开目录“/home/oc-server/3rd/zlib/build/CMakeFiles/CMakeTmp”
gmake[1]: 离开目录“/home/oc-server/3rd/zlib/build/CMakeFiles/CMakeTmp”


Determining if the include file stdint.h exists passed with the following output:
Change Dir: /home/oc-server/3rd/zlib/build/CMakeFiles/CMakeTmp

Run Build Command:/usr/bin/gmake "cmTryCompileExec3983807991/fast"
gmake[1]: 进入目录“/home/oc-server/3rd/zlib/build/CMakeFiles/CMakeTmp”
/usr/bin/gmake -f CMakeFiles/cmTryCompileExec3983807991.dir/build.make CMakeFiles/cmTryCompileExec3983807991.dir/build
gmake[2]: 进入目录“/home/oc-server/3rd/zlib/build/CMakeFiles/CMakeTmp”
/usr/bin/cmake -E cmake_progress_report /home/oc-server/3rd/zlib/build/CMakeFiles/CMakeTmp/CMakeFiles 1
Building C object CMakeFiles/cmTryCompileExec3983807991.dir/CheckIncludeFile.c.o
/usr/bin/cc    -o CMakeFiles/cmTryCompileExec3983807991.dir/CheckIncludeFile.c.o   -c /home/oc-server/3rd/zlib/build/CMakeFiles/CMakeTmp/CheckIncludeFile.c
Linking C executable cmTryCompileExec3983807991
/usr/bin/cmake -E cmake_link_script CMakeFiles/cmTryCompileExec3983807991.dir/link.txt --verbose=1
/usr/bin/cc       CMakeFiles/cmTryCompileExec3983807991.dir/CheckIncludeFile.c.o  -o cmTryCompileExec3983807991 -rdynamic 
gmake[2]: 离开目录“/home/oc-server/3rd/zlib/build/CMakeFiles/CMakeTmp”
gmake[1]: 离开目录“/home/oc-server/3rd/zlib/build/CMakeFiles/CMakeTmp”


Determining if the include file stddef.h exists passed with the following output:
Change Dir: /home/oc-server/3rd/zlib/build/CMakeFiles/CMakeTmp

Run Build Command:/usr/bin/gmake "cmTryCompileExec3829254851/fast"
gmake[1]: 进入目录“/home/oc-server/3rd/zlib/build/CMakeFiles/CMakeTmp”
/usr/bin/gmake -f CMakeFiles/cmTryCompileExec3829254851.dir/build.make CMakeFiles/cmTryCompileExec3829254851.dir/build
gmake[2]: 进入目录“/home/oc-server/3rd/zlib/build/CMakeFiles/CMakeTmp”
/usr/bin/cmake -E cmake_progress_report /home/oc-server/3rd/zlib/build/CMakeFiles/CMakeTmp/CMakeFiles 1
Building C object CMakeFiles/cmTryCompileExec3829254851.dir/CheckIncludeFile.c.o
/usr/bin/cc    -o CMakeFiles/cmTryCompileExec3829254851.dir/CheckIncludeFile.c.o   -c /home/oc-server/3rd/zlib/build/CMakeFiles/CMakeTmp/CheckIncludeFile.c
Linking C executable cmTryCompileExec3829254851
/usr/bin/cmake -E cmake_link_script CMakeFiles/cmTryCompileExec3829254851.dir/link.txt --verbose=1
/usr/bin/cc       CMakeFiles/cmTryCompileExec3829254851.dir/CheckIncludeFile.c.o  -o cmTryCompileExec3829254851 -rdynamic 
gmake[2]: 离开目录“/home/oc-server/3rd/zlib/build/CMakeFiles/CMakeTmp”
gmake[1]: 离开目录“/home/oc-server/3rd/zlib/build/CMakeFiles/CMakeTmp”


Determining size of off64_t passed with the following output:
Change Dir: /home/oc-server/3rd/zlib/build/CMakeFiles/CMakeTmp

Run Build Command:/usr/bin/gmake "cmTryCompileExec2669487297/fast"
gmake[1]: 进入目录“/home/oc-server/3rd/zlib/build/CMakeFiles/CMakeTmp”
/usr/bin/gmake -f CMakeFiles/cmTryCompileExec2669487297.dir/build.make CMakeFiles/cmTryCompileExec2669487297.dir/build
gmake[2]: 进入目录“/home/oc-server/3rd/zlib/build/CMakeFiles/CMakeTmp”
/usr/bin/cmake -E cmake_progress_report /home/oc-server/3rd/zlib/build/CMakeFiles/CMakeTmp/CMakeFiles 1
Building C object CMakeFiles/cmTryCompileExec2669487297.dir/OFF64_T.c.o
/usr/bin/cc  -DHAVE_STDDEF_H -DHAVE_STDINT_H -DHAVE_SYS_TYPES_H -D_LARGEFILE64_SOURCE=1  -o CMakeFiles/cmTryCompileExec2669487297.dir/OFF64_T.c.o   -c /home/oc-server/3rd/zlib/build/CMakeFiles/CheckTypeSize/OFF64_T.c
Linking C executable cmTryCompileExec2669487297
/usr/bin/cmake -E cmake_link_script CMakeFiles/cmTryCompileExec2669487297.dir/link.txt --verbose=1
/usr/bin/cc       CMakeFiles/cmTryCompileExec2669487297.dir/OFF64_T.c.o  -o cmTryCompileExec2669487297 -rdynamic 
gmake[2]: 离开目录“/home/oc-server/3rd/zlib/build/CMakeFiles/CMakeTmp”
gmake[1]: 离开目录“/home/oc-server/3rd/zlib/build/CMakeFiles/CMakeTmp”


Determining if the function fseeko exists passed with the following output:
Change Dir: /home/oc-server/3rd/zlib/build/CMakeFiles/CMakeTmp

Run Build Command:/usr/bin/gmake "cmTryCompileExec1839045974/fast"
gmake[1]: 进入目录“/home/oc-server/3rd/zlib/build/CMakeFiles/CMakeTmp”
/usr/bin/gmake -f CMakeFiles/cmTryCompileExec1839045974.dir/build.make CMakeFiles/cmTryCompileExec1839045974.dir/build
gmake[2]: 进入目录“/home/oc-server/3rd/zlib/build/CMakeFiles/CMakeTmp”
/usr/bin/cmake -E cmake_progress_report /home/oc-server/3rd/zlib/build/CMakeFiles/CMakeTmp/CMakeFiles 1
Building C object CMakeFiles/cmTryCompileExec1839045974.dir/CheckFunctionExists.c.o
/usr/bin/cc   -DCHECK_FUNCTION_EXISTS=fseeko   -o CMakeFiles/cmTryCompileExec1839045974.dir/CheckFunctionExists.c.o   -c /usr/share/cmake/Modules/CheckFunctionExists.c
Linking C executable cmTryCompileExec1839045974
/usr/bin/cmake -E cmake_link_script CMakeFiles/cmTryCompileExec1839045974.dir/link.txt --verbose=1
/usr/bin/cc   -DCHECK_FUNCTION_EXISTS=fseeko    CMakeFiles/cmTryCompileExec1839045974.dir/CheckFunctionExists.c.o  -o cmTryCompileExec1839045974 -rdynamic 
gmake[2]: 离开目录“/home/oc-server/3rd/zlib/build/CMakeFiles/CMakeTmp”
gmake[1]: 离开目录“/home/oc-server/3rd/zlib/build/CMakeFiles/CMakeTmp”


Determining if the include file unistd.h exists passed with the following output:
Change Dir: /home/oc-server/3rd/zlib/build/CMakeFiles/CMakeTmp

Run Build Command:/usr/bin/gmake "cmTryCompileExec3691898716/fast"
gmake[1]: 进入目录“/home/oc-server/3rd/zlib/build/CMakeFiles/CMakeTmp”
/usr/bin/gmake -f CMakeFiles/cmTryCompileExec3691898716.dir/build.make CMakeFiles/cmTryCompileExec3691898716.dir/build
gmake[2]: 进入目录“/home/oc-server/3rd/zlib/build/CMakeFiles/CMakeTmp”
/usr/bin/cmake -E cmake_progress_report /home/oc-server/3rd/zlib/build/CMakeFiles/CMakeTmp/CMakeFiles 1
Building C object CMakeFiles/cmTryCompileExec3691898716.dir/CheckIncludeFile.c.o
/usr/bin/cc    -o CMakeFiles/cmTryCompileExec3691898716.dir/CheckIncludeFile.c.o   -c /home/oc-server/3rd/zlib/build/CMakeFiles/CMakeTmp/CheckIncludeFile.c
Linking C executable cmTryCompileExec3691898716
/usr/bin/cmake -E cmake_link_script CMakeFiles/cmTryCompileExec3691898716.dir/link.txt --verbose=1
/usr/bin/cc       CMakeFiles/cmTryCompileExec3691898716.dir/CheckIncludeFile.c.o  -o cmTryCompileExec3691898716 -rdynamic 
gmake[2]: 离开目录“/home/oc-server/3rd/zlib/build/CMakeFiles/CMakeTmp”
gmake[1]: 离开目录“/home/oc-server/3rd/zlib/build/CMakeFiles/CMakeTmp”


